{"/Users/carloslagunamedina/Downloads/proj/personal/proyectoTodo/nextjs-starter/backend/tasks/tasks.test.ts": {"path":"/Users/carloslagunamedina/Downloads/proj/personal/proyectoTodo/nextjs-starter/backend/tasks/tasks.test.ts","all":false,"statementMap":{"0":{"start":{"line":1,"column":0},"end":{"line":1,"column":64}},"31":{"start":{"line":32,"column":0},"end":{"line":32,"column":33}},"32":{"start":{"line":33,"column":0},"end":{"line":33,"column":22}},"33":{"start":{"line":34,"column":0},"end":{"line":34,"column":27}},"34":{"start":{"line":35,"column":0},"end":{"line":35,"column":7}},"36":{"start":{"line":37,"column":0},"end":{"line":37,"column":44}},"37":{"start":{"line":38,"column":0},"end":{"line":38,"column":87}},"39":{"start":{"line":40,"column":0},"end":{"line":40,"column":50}},"40":{"start":{"line":41,"column":0},"end":{"line":41,"column":62}},"43":{"start":{"line":44,"column":0},"end":{"line":44,"column":80}},"44":{"start":{"line":45,"column":0},"end":{"line":45,"column":11}},"46":{"start":{"line":47,"column":0},"end":{"line":47,"column":82}},"48":{"start":{"line":49,"column":0},"end":{"line":49,"column":82}},"49":{"start":{"line":50,"column":0},"end":{"line":50,"column":74}},"50":{"start":{"line":51,"column":0},"end":{"line":51,"column":50}},"52":{"start":{"line":53,"column":0},"end":{"line":53,"column":70}},"53":{"start":{"line":54,"column":0},"end":{"line":54,"column":69}},"56":{"start":{"line":57,"column":0},"end":{"line":57,"column":37}},"59":{"start":{"line":60,"column":0},"end":{"line":60,"column":71}},"60":{"start":{"line":61,"column":0},"end":{"line":61,"column":47}},"61":{"start":{"line":62,"column":0},"end":{"line":62,"column":44}},"62":{"start":{"line":63,"column":0},"end":{"line":63,"column":18}},"63":{"start":{"line":64,"column":0},"end":{"line":64,"column":15}},"64":{"start":{"line":65,"column":0},"end":{"line":65,"column":11}},"65":{"start":{"line":66,"column":0},"end":{"line":66,"column":7}},"67":{"start":{"line":68,"column":0},"end":{"line":68,"column":45}},"68":{"start":{"line":69,"column":0},"end":{"line":69,"column":66}},"70":{"start":{"line":71,"column":0},"end":{"line":71,"column":54}},"71":{"start":{"line":72,"column":0},"end":{"line":72,"column":41}},"73":{"start":{"line":74,"column":0},"end":{"line":74,"column":70}},"74":{"start":{"line":75,"column":0},"end":{"line":75,"column":90}},"77":{"start":{"line":78,"column":0},"end":{"line":78,"column":52}},"80":{"start":{"line":81,"column":0},"end":{"line":81,"column":46}},"81":{"start":{"line":82,"column":0},"end":{"line":82,"column":71}},"82":{"start":{"line":83,"column":0},"end":{"line":83,"column":47}},"83":{"start":{"line":84,"column":0},"end":{"line":84,"column":29}},"84":{"start":{"line":85,"column":0},"end":{"line":85,"column":18}},"85":{"start":{"line":86,"column":0},"end":{"line":86,"column":15}},"86":{"start":{"line":87,"column":0},"end":{"line":87,"column":11}},"88":{"start":{"line":89,"column":0},"end":{"line":89,"column":60}},"90":{"start":{"line":91,"column":0},"end":{"line":91,"column":54}},"91":{"start":{"line":92,"column":0},"end":{"line":92,"column":47}},"92":{"start":{"line":93,"column":0},"end":{"line":93,"column":48}},"94":{"start":{"line":95,"column":0},"end":{"line":95,"column":70}},"95":{"start":{"line":96,"column":0},"end":{"line":96,"column":97}},"98":{"start":{"line":99,"column":0},"end":{"line":99,"column":52}},"101":{"start":{"line":102,"column":0},"end":{"line":102,"column":46}},"102":{"start":{"line":103,"column":0},"end":{"line":103,"column":71}},"103":{"start":{"line":104,"column":0},"end":{"line":104,"column":47}},"104":{"start":{"line":105,"column":0},"end":{"line":105,"column":36}},"105":{"start":{"line":106,"column":0},"end":{"line":106,"column":18}},"106":{"start":{"line":107,"column":0},"end":{"line":107,"column":15}},"107":{"start":{"line":108,"column":0},"end":{"line":108,"column":11}},"109":{"start":{"line":110,"column":0},"end":{"line":110,"column":87}},"111":{"start":{"line":112,"column":0},"end":{"line":112,"column":54}},"112":{"start":{"line":113,"column":0},"end":{"line":113,"column":87}},"113":{"start":{"line":114,"column":0},"end":{"line":114,"column":74}},"114":{"start":{"line":115,"column":0},"end":{"line":115,"column":84}},"116":{"start":{"line":117,"column":0},"end":{"line":117,"column":70}},"117":{"start":{"line":118,"column":0},"end":{"line":118,"column":75}},"118":{"start":{"line":119,"column":0},"end":{"line":119,"column":36}},"119":{"start":{"line":120,"column":0},"end":{"line":120,"column":47}},"120":{"start":{"line":121,"column":0},"end":{"line":121,"column":16}},"123":{"start":{"line":124,"column":0},"end":{"line":124,"column":52}},"126":{"start":{"line":127,"column":0},"end":{"line":127,"column":46}},"127":{"start":{"line":128,"column":0},"end":{"line":128,"column":71}},"128":{"start":{"line":129,"column":0},"end":{"line":129,"column":47}},"129":{"start":{"line":130,"column":0},"end":{"line":130,"column":40}},"130":{"start":{"line":131,"column":0},"end":{"line":131,"column":51}},"131":{"start":{"line":132,"column":0},"end":{"line":132,"column":18}},"132":{"start":{"line":133,"column":0},"end":{"line":133,"column":15}},"133":{"start":{"line":134,"column":0},"end":{"line":134,"column":11}},"135":{"start":{"line":136,"column":0},"end":{"line":136,"column":65}},"137":{"start":{"line":138,"column":0},"end":{"line":138,"column":54}},"138":{"start":{"line":139,"column":0},"end":{"line":139,"column":72}},"140":{"start":{"line":141,"column":0},"end":{"line":141,"column":70}},"141":{"start":{"line":142,"column":0},"end":{"line":142,"column":77}},"144":{"start":{"line":145,"column":0},"end":{"line":145,"column":68}},"145":{"start":{"line":146,"column":0},"end":{"line":146,"column":11}},"146":{"start":{"line":147,"column":0},"end":{"line":147,"column":7}},"148":{"start":{"line":149,"column":0},"end":{"line":149,"column":34}},"149":{"start":{"line":150,"column":0},"end":{"line":150,"column":63}},"151":{"start":{"line":152,"column":0},"end":{"line":152,"column":54}},"152":{"start":{"line":153,"column":0},"end":{"line":153,"column":46}},"153":{"start":{"line":154,"column":0},"end":{"line":154,"column":83}},"155":{"start":{"line":156,"column":0},"end":{"line":156,"column":70}},"156":{"start":{"line":157,"column":0},"end":{"line":157,"column":69}},"159":{"start":{"line":160,"column":0},"end":{"line":160,"column":52}},"162":{"start":{"line":163,"column":0},"end":{"line":163,"column":50}},"163":{"start":{"line":164,"column":0},"end":{"line":164,"column":71}},"164":{"start":{"line":165,"column":0},"end":{"line":165,"column":23}},"165":{"start":{"line":166,"column":0},"end":{"line":166,"column":40}},"166":{"start":{"line":167,"column":0},"end":{"line":167,"column":52}},"167":{"start":{"line":168,"column":0},"end":{"line":168,"column":53}},"168":{"start":{"line":169,"column":0},"end":{"line":169,"column":48}},"169":{"start":{"line":170,"column":0},"end":{"line":170,"column":18}},"170":{"start":{"line":171,"column":0},"end":{"line":171,"column":15}},"171":{"start":{"line":172,"column":0},"end":{"line":172,"column":11}},"173":{"start":{"line":174,"column":0},"end":{"line":174,"column":79}},"175":{"start":{"line":176,"column":0},"end":{"line":176,"column":50}},"176":{"start":{"line":177,"column":0},"end":{"line":177,"column":62}},"179":{"start":{"line":180,"column":0},"end":{"line":180,"column":80}},"180":{"start":{"line":181,"column":0},"end":{"line":181,"column":11}},"182":{"start":{"line":183,"column":0},"end":{"line":183,"column":71}},"184":{"start":{"line":185,"column":0},"end":{"line":185,"column":54}},"185":{"start":{"line":186,"column":0},"end":{"line":186,"column":71}},"186":{"start":{"line":187,"column":0},"end":{"line":187,"column":53}},"188":{"start":{"line":189,"column":0},"end":{"line":189,"column":70}},"189":{"start":{"line":190,"column":0},"end":{"line":190,"column":69}},"192":{"start":{"line":193,"column":0},"end":{"line":193,"column":52}},"195":{"start":{"line":196,"column":0},"end":{"line":196,"column":50}},"196":{"start":{"line":197,"column":0},"end":{"line":197,"column":71}},"197":{"start":{"line":198,"column":0},"end":{"line":198,"column":23}},"198":{"start":{"line":199,"column":0},"end":{"line":199,"column":40}},"199":{"start":{"line":200,"column":0},"end":{"line":200,"column":43}},"200":{"start":{"line":201,"column":0},"end":{"line":201,"column":36}},"201":{"start":{"line":202,"column":0},"end":{"line":202,"column":48}},"202":{"start":{"line":203,"column":0},"end":{"line":203,"column":18}},"203":{"start":{"line":204,"column":0},"end":{"line":204,"column":15}},"204":{"start":{"line":205,"column":0},"end":{"line":205,"column":11}},"205":{"start":{"line":206,"column":0},"end":{"line":206,"column":7}},"207":{"start":{"line":208,"column":0},"end":{"line":208,"column":32}},"208":{"start":{"line":209,"column":0},"end":{"line":209,"column":70}},"210":{"start":{"line":211,"column":0},"end":{"line":211,"column":54}},"211":{"start":{"line":212,"column":0},"end":{"line":212,"column":49}},"212":{"start":{"line":213,"column":0},"end":{"line":213,"column":30}},"214":{"start":{"line":215,"column":0},"end":{"line":215,"column":70}},"215":{"start":{"line":216,"column":0},"end":{"line":216,"column":61}},"216":{"start":{"line":217,"column":0},"end":{"line":217,"column":72}},"219":{"start":{"line":220,"column":0},"end":{"line":220,"column":50}},"222":{"start":{"line":223,"column":0},"end":{"line":223,"column":51}},"223":{"start":{"line":224,"column":0},"end":{"line":224,"column":47}},"224":{"start":{"line":225,"column":0},"end":{"line":225,"column":24}},"225":{"start":{"line":226,"column":0},"end":{"line":226,"column":26}},"226":{"start":{"line":227,"column":0},"end":{"line":227,"column":25}},"227":{"start":{"line":228,"column":0},"end":{"line":228,"column":30}},"228":{"start":{"line":229,"column":0},"end":{"line":229,"column":31}},"229":{"start":{"line":230,"column":0},"end":{"line":230,"column":31}},"230":{"start":{"line":231,"column":0},"end":{"line":231,"column":15}},"231":{"start":{"line":232,"column":0},"end":{"line":232,"column":11}},"233":{"start":{"line":234,"column":0},"end":{"line":234,"column":61}},"235":{"start":{"line":236,"column":0},"end":{"line":236,"column":54}},"236":{"start":{"line":237,"column":0},"end":{"line":237,"column":49}},"237":{"start":{"line":238,"column":0},"end":{"line":238,"column":51}},"239":{"start":{"line":240,"column":0},"end":{"line":240,"column":70}},"240":{"start":{"line":241,"column":0},"end":{"line":241,"column":61}},"241":{"start":{"line":242,"column":0},"end":{"line":242,"column":72}},"244":{"start":{"line":245,"column":0},"end":{"line":245,"column":35}},"247":{"start":{"line":248,"column":0},"end":{"line":248,"column":73}},"248":{"start":{"line":249,"column":0},"end":{"line":249,"column":24}},"249":{"start":{"line":250,"column":0},"end":{"line":250,"column":48}},"250":{"start":{"line":251,"column":0},"end":{"line":251,"column":28}},"251":{"start":{"line":252,"column":0},"end":{"line":252,"column":48}},"252":{"start":{"line":253,"column":0},"end":{"line":253,"column":44}},"253":{"start":{"line":254,"column":0},"end":{"line":254,"column":22}},"254":{"start":{"line":255,"column":0},"end":{"line":255,"column":18}},"255":{"start":{"line":256,"column":0},"end":{"line":256,"column":26}},"256":{"start":{"line":257,"column":0},"end":{"line":257,"column":42}},"257":{"start":{"line":258,"column":0},"end":{"line":258,"column":33}},"258":{"start":{"line":259,"column":0},"end":{"line":259,"column":18}},"259":{"start":{"line":260,"column":0},"end":{"line":260,"column":24}},"260":{"start":{"line":261,"column":0},"end":{"line":261,"column":25}},"261":{"start":{"line":262,"column":0},"end":{"line":262,"column":15}},"262":{"start":{"line":263,"column":0},"end":{"line":263,"column":11}},"264":{"start":{"line":265,"column":0},"end":{"line":265,"column":67}},"266":{"start":{"line":267,"column":0},"end":{"line":267,"column":54}},"267":{"start":{"line":268,"column":0},"end":{"line":268,"column":46}},"269":{"start":{"line":270,"column":0},"end":{"line":270,"column":70}},"270":{"start":{"line":271,"column":0},"end":{"line":271,"column":61}},"271":{"start":{"line":272,"column":0},"end":{"line":272,"column":65}},"274":{"start":{"line":275,"column":0},"end":{"line":275,"column":35}},"277":{"start":{"line":278,"column":0},"end":{"line":278,"column":73}},"278":{"start":{"line":279,"column":0},"end":{"line":279,"column":24}},"279":{"start":{"line":280,"column":0},"end":{"line":280,"column":48}},"280":{"start":{"line":281,"column":0},"end":{"line":281,"column":36}},"281":{"start":{"line":282,"column":0},"end":{"line":282,"column":18}},"282":{"start":{"line":283,"column":0},"end":{"line":283,"column":26}},"283":{"start":{"line":284,"column":0},"end":{"line":284,"column":42}},"284":{"start":{"line":285,"column":0},"end":{"line":285,"column":33}},"285":{"start":{"line":286,"column":0},"end":{"line":286,"column":18}},"286":{"start":{"line":287,"column":0},"end":{"line":287,"column":24}},"287":{"start":{"line":288,"column":0},"end":{"line":288,"column":25}},"288":{"start":{"line":289,"column":0},"end":{"line":289,"column":15}},"289":{"start":{"line":290,"column":0},"end":{"line":290,"column":11}},"291":{"start":{"line":292,"column":0},"end":{"line":292,"column":64}},"293":{"start":{"line":294,"column":0},"end":{"line":294,"column":54}},"294":{"start":{"line":295,"column":0},"end":{"line":295,"column":49}},"296":{"start":{"line":297,"column":0},"end":{"line":297,"column":70}},"297":{"start":{"line":298,"column":0},"end":{"line":298,"column":62}},"298":{"start":{"line":299,"column":0},"end":{"line":299,"column":65}},"301":{"start":{"line":302,"column":0},"end":{"line":302,"column":50}},"304":{"start":{"line":305,"column":0},"end":{"line":305,"column":47}},"305":{"start":{"line":306,"column":0},"end":{"line":306,"column":24}},"306":{"start":{"line":307,"column":0},"end":{"line":307,"column":25}},"307":{"start":{"line":308,"column":0},"end":{"line":308,"column":26}},"308":{"start":{"line":309,"column":0},"end":{"line":309,"column":30}},"309":{"start":{"line":310,"column":0},"end":{"line":310,"column":30}},"310":{"start":{"line":311,"column":0},"end":{"line":311,"column":30}},"311":{"start":{"line":312,"column":0},"end":{"line":312,"column":15}},"312":{"start":{"line":313,"column":0},"end":{"line":313,"column":73}},"313":{"start":{"line":314,"column":0},"end":{"line":314,"column":55}},"314":{"start":{"line":315,"column":0},"end":{"line":315,"column":26}},"315":{"start":{"line":316,"column":0},"end":{"line":316,"column":42}},"316":{"start":{"line":317,"column":0},"end":{"line":317,"column":33}},"317":{"start":{"line":318,"column":0},"end":{"line":318,"column":18}},"318":{"start":{"line":319,"column":0},"end":{"line":319,"column":24}},"319":{"start":{"line":320,"column":0},"end":{"line":320,"column":24}},"320":{"start":{"line":321,"column":0},"end":{"line":321,"column":15}},"321":{"start":{"line":322,"column":0},"end":{"line":322,"column":11}},"322":{"start":{"line":323,"column":0},"end":{"line":323,"column":7}},"324":{"start":{"line":325,"column":0},"end":{"line":325,"column":31}},"325":{"start":{"line":326,"column":0},"end":{"line":326,"column":67}},"327":{"start":{"line":328,"column":0},"end":{"line":328,"column":54}},"328":{"start":{"line":329,"column":0},"end":{"line":329,"column":55}},"329":{"start":{"line":330,"column":0},"end":{"line":330,"column":39}},"331":{"start":{"line":332,"column":0},"end":{"line":332,"column":70}},"332":{"start":{"line":333,"column":0},"end":{"line":333,"column":72}},"335":{"start":{"line":336,"column":0},"end":{"line":336,"column":49}},"338":{"start":{"line":339,"column":0},"end":{"line":339,"column":50}},"339":{"start":{"line":340,"column":0},"end":{"line":340,"column":74}},"340":{"start":{"line":341,"column":0},"end":{"line":341,"column":62}},"341":{"start":{"line":342,"column":0},"end":{"line":342,"column":15}},"342":{"start":{"line":343,"column":0},"end":{"line":343,"column":11}},"344":{"start":{"line":345,"column":0},"end":{"line":345,"column":68}},"346":{"start":{"line":347,"column":0},"end":{"line":347,"column":54}},"347":{"start":{"line":348,"column":0},"end":{"line":348,"column":41}},"349":{"start":{"line":350,"column":0},"end":{"line":350,"column":70}},"350":{"start":{"line":351,"column":0},"end":{"line":351,"column":68}},"353":{"start":{"line":354,"column":0},"end":{"line":354,"column":49}},"356":{"start":{"line":357,"column":0},"end":{"line":357,"column":43}},"357":{"start":{"line":358,"column":0},"end":{"line":358,"column":11}},"358":{"start":{"line":359,"column":0},"end":{"line":359,"column":7}},"360":{"start":{"line":361,"column":0},"end":{"line":361,"column":34}},"361":{"start":{"line":362,"column":0},"end":{"line":362,"column":63}},"363":{"start":{"line":364,"column":0},"end":{"line":364,"column":54}},"364":{"start":{"line":365,"column":0},"end":{"line":365,"column":59}},"365":{"start":{"line":366,"column":0},"end":{"line":366,"column":81}},"366":{"start":{"line":367,"column":0},"end":{"line":367,"column":62}},"368":{"start":{"line":369,"column":0},"end":{"line":369,"column":70}},"369":{"start":{"line":370,"column":0},"end":{"line":370,"column":76}},"370":{"start":{"line":371,"column":0},"end":{"line":371,"column":72}},"373":{"start":{"line":374,"column":0},"end":{"line":374,"column":52}},"376":{"start":{"line":377,"column":0},"end":{"line":377,"column":53}},"377":{"start":{"line":378,"column":0},"end":{"line":378,"column":71}},"378":{"start":{"line":379,"column":0},"end":{"line":379,"column":33}},"379":{"start":{"line":380,"column":0},"end":{"line":380,"column":48}},"380":{"start":{"line":381,"column":0},"end":{"line":381,"column":15}},"381":{"start":{"line":382,"column":0},"end":{"line":382,"column":11}},"383":{"start":{"line":384,"column":0},"end":{"line":384,"column":68}},"385":{"start":{"line":386,"column":0},"end":{"line":386,"column":54}},"386":{"start":{"line":387,"column":0},"end":{"line":387,"column":64}},"388":{"start":{"line":389,"column":0},"end":{"line":389,"column":70}},"389":{"start":{"line":390,"column":0},"end":{"line":390,"column":68}},"392":{"start":{"line":393,"column":0},"end":{"line":393,"column":52}},"395":{"start":{"line":396,"column":0},"end":{"line":396,"column":43}},"396":{"start":{"line":397,"column":0},"end":{"line":397,"column":72}},"397":{"start":{"line":398,"column":0},"end":{"line":398,"column":11}},"398":{"start":{"line":399,"column":0},"end":{"line":399,"column":7}},"400":{"start":{"line":401,"column":0},"end":{"line":401,"column":34}},"401":{"start":{"line":402,"column":0},"end":{"line":402,"column":78}},"403":{"start":{"line":404,"column":0},"end":{"line":404,"column":54}},"404":{"start":{"line":405,"column":0},"end":{"line":405,"column":77}},"405":{"start":{"line":406,"column":0},"end":{"line":406,"column":75}},"406":{"start":{"line":407,"column":0},"end":{"line":407,"column":43}},"408":{"start":{"line":409,"column":0},"end":{"line":409,"column":70}},"409":{"start":{"line":410,"column":0},"end":{"line":410,"column":76}},"410":{"start":{"line":411,"column":0},"end":{"line":411,"column":72}},"413":{"start":{"line":414,"column":0},"end":{"line":414,"column":52}},"416":{"start":{"line":417,"column":0},"end":{"line":417,"column":53}},"417":{"start":{"line":418,"column":0},"end":{"line":418,"column":71}},"418":{"start":{"line":419,"column":0},"end":{"line":419,"column":33}},"419":{"start":{"line":420,"column":0},"end":{"line":420,"column":42}},"420":{"start":{"line":421,"column":0},"end":{"line":421,"column":15}},"421":{"start":{"line":422,"column":0},"end":{"line":422,"column":11}},"423":{"start":{"line":424,"column":0},"end":{"line":424,"column":78}},"425":{"start":{"line":426,"column":0},"end":{"line":426,"column":54}},"426":{"start":{"line":427,"column":0},"end":{"line":427,"column":76}},"427":{"start":{"line":428,"column":0},"end":{"line":428,"column":76}},"428":{"start":{"line":429,"column":0},"end":{"line":429,"column":43}},"430":{"start":{"line":431,"column":0},"end":{"line":431,"column":70}},"431":{"start":{"line":432,"column":0},"end":{"line":432,"column":76}},"432":{"start":{"line":433,"column":0},"end":{"line":433,"column":72}},"435":{"start":{"line":436,"column":0},"end":{"line":436,"column":52}},"438":{"start":{"line":439,"column":0},"end":{"line":439,"column":53}},"439":{"start":{"line":440,"column":0},"end":{"line":440,"column":71}},"440":{"start":{"line":441,"column":0},"end":{"line":441,"column":33}},"441":{"start":{"line":442,"column":0},"end":{"line":442,"column":43}},"442":{"start":{"line":443,"column":0},"end":{"line":443,"column":15}},"443":{"start":{"line":444,"column":0},"end":{"line":444,"column":11}},"445":{"start":{"line":446,"column":0},"end":{"line":446,"column":68}},"447":{"start":{"line":448,"column":0},"end":{"line":448,"column":54}},"448":{"start":{"line":449,"column":0},"end":{"line":449,"column":45}},"450":{"start":{"line":451,"column":0},"end":{"line":451,"column":70}},"451":{"start":{"line":452,"column":0},"end":{"line":452,"column":68}},"454":{"start":{"line":455,"column":0},"end":{"line":455,"column":52}},"457":{"start":{"line":458,"column":0},"end":{"line":458,"column":43}},"458":{"start":{"line":459,"column":0},"end":{"line":459,"column":72}},"459":{"start":{"line":460,"column":0},"end":{"line":460,"column":11}},"460":{"start":{"line":461,"column":0},"end":{"line":461,"column":7}},"462":{"start":{"line":463,"column":0},"end":{"line":463,"column":34}},"463":{"start":{"line":464,"column":0},"end":{"line":464,"column":63}},"465":{"start":{"line":466,"column":0},"end":{"line":466,"column":54}},"466":{"start":{"line":467,"column":0},"end":{"line":467,"column":59}},"467":{"start":{"line":468,"column":0},"end":{"line":468,"column":58}},"468":{"start":{"line":469,"column":0},"end":{"line":469,"column":39}},"470":{"start":{"line":471,"column":0},"end":{"line":471,"column":70}},"471":{"start":{"line":472,"column":0},"end":{"line":472,"column":76}},"472":{"start":{"line":473,"column":0},"end":{"line":473,"column":72}},"475":{"start":{"line":476,"column":0},"end":{"line":476,"column":52}},"478":{"start":{"line":479,"column":0},"end":{"line":479,"column":53}},"479":{"start":{"line":480,"column":0},"end":{"line":480,"column":71}},"480":{"start":{"line":481,"column":0},"end":{"line":481,"column":33}},"481":{"start":{"line":482,"column":0},"end":{"line":482,"column":15}},"482":{"start":{"line":483,"column":0},"end":{"line":483,"column":11}},"484":{"start":{"line":485,"column":0},"end":{"line":485,"column":68}},"486":{"start":{"line":487,"column":0},"end":{"line":487,"column":54}},"487":{"start":{"line":488,"column":0},"end":{"line":488,"column":41}},"489":{"start":{"line":490,"column":0},"end":{"line":490,"column":70}},"490":{"start":{"line":491,"column":0},"end":{"line":491,"column":68}},"493":{"start":{"line":494,"column":0},"end":{"line":494,"column":52}},"496":{"start":{"line":497,"column":0},"end":{"line":497,"column":43}},"497":{"start":{"line":498,"column":0},"end":{"line":498,"column":72}},"498":{"start":{"line":499,"column":0},"end":{"line":499,"column":11}},"499":{"start":{"line":500,"column":0},"end":{"line":500,"column":7}},"500":{"start":{"line":501,"column":0},"end":{"line":501,"column":3}}},"s":{"0":1,"31":1,"32":1,"33":22,"34":1,"36":1,"37":1,"39":1,"40":1,"43":1,"44":1,"46":1,"48":1,"49":1,"50":1,"52":1,"53":1,"56":1,"59":1,"60":1,"61":1,"62":1,"63":1,"64":1,"65":1,"67":1,"68":1,"70":1,"71":1,"73":1,"74":1,"77":1,"80":1,"81":1,"82":1,"83":1,"84":1,"85":1,"86":1,"88":1,"90":1,"91":1,"92":1,"94":1,"95":1,"98":1,"101":1,"102":1,"103":1,"104":1,"105":1,"106":1,"107":1,"109":1,"111":1,"112":1,"113":1,"114":1,"116":1,"117":1,"118":1,"119":1,"120":1,"123":1,"126":1,"127":1,"128":1,"129":1,"130":1,"131":1,"132":1,"133":1,"135":1,"137":1,"138":1,"140":1,"141":1,"144":1,"145":1,"146":1,"148":1,"149":1,"151":1,"152":1,"153":1,"155":1,"156":1,"159":1,"162":1,"163":1,"164":1,"165":1,"166":1,"167":1,"168":1,"169":1,"170":1,"171":1,"173":1,"175":1,"176":1,"179":1,"180":1,"182":1,"184":1,"185":1,"186":1,"188":1,"189":1,"192":1,"195":1,"196":1,"197":1,"198":1,"199":1,"200":1,"201":1,"202":1,"203":1,"204":1,"205":1,"207":1,"208":1,"210":1,"211":1,"212":1,"214":1,"215":1,"216":1,"219":1,"222":1,"223":1,"224":1,"225":1,"226":1,"227":1,"228":1,"229":1,"230":1,"231":1,"233":1,"235":1,"236":1,"237":1,"239":1,"240":1,"241":1,"244":1,"247":1,"248":1,"249":1,"250":1,"251":1,"252":1,"253":1,"254":1,"255":1,"256":1,"257":1,"258":1,"259":1,"260":1,"261":1,"262":1,"264":1,"266":1,"267":1,"269":1,"270":1,"271":1,"274":1,"277":1,"278":1,"279":1,"280":1,"281":1,"282":1,"283":1,"284":1,"285":1,"286":1,"287":1,"288":1,"289":1,"291":1,"293":1,"294":1,"296":1,"297":1,"298":1,"301":1,"304":1,"305":1,"306":1,"307":1,"308":1,"309":1,"310":1,"311":1,"312":1,"313":1,"314":1,"315":1,"316":1,"317":1,"318":1,"319":1,"320":1,"321":1,"322":1,"324":1,"325":1,"327":1,"328":1,"329":1,"331":1,"332":1,"335":1,"338":1,"339":1,"340":1,"341":1,"342":1,"344":1,"346":1,"347":1,"349":1,"350":1,"353":1,"356":1,"357":1,"358":1,"360":1,"361":1,"363":1,"364":1,"365":1,"366":1,"368":1,"369":1,"370":1,"373":1,"376":1,"377":1,"378":1,"379":1,"380":1,"381":1,"383":1,"385":1,"386":1,"388":1,"389":1,"392":1,"395":1,"396":1,"397":1,"398":1,"400":1,"401":1,"403":1,"404":1,"405":1,"406":1,"408":1,"409":1,"410":1,"413":1,"416":1,"417":1,"418":1,"419":1,"420":1,"421":1,"423":1,"425":1,"426":1,"427":1,"428":1,"430":1,"431":1,"432":1,"435":1,"438":1,"439":1,"440":1,"441":1,"442":1,"443":1,"445":1,"447":1,"448":1,"450":1,"451":1,"454":1,"457":1,"458":1,"459":1,"460":1,"462":1,"463":1,"465":1,"466":1,"467":1,"468":1,"470":1,"471":1,"472":1,"475":1,"478":1,"479":1,"480":1,"481":1,"482":1,"484":1,"486":1,"487":1,"489":1,"490":1,"493":1,"496":1,"497":1,"498":1,"499":1,"500":1},"branchMap":{"0":{"type":"branch","line":32,"loc":{"start":{"line":32,"column":26},"end":{"line":501,"column":3}},"locations":[{"start":{"line":32,"column":26},"end":{"line":501,"column":3}}]},"1":{"type":"branch","line":33,"loc":{"start":{"line":33,"column":15},"end":{"line":35,"column":5}},"locations":[{"start":{"line":33,"column":15},"end":{"line":35,"column":5}}]},"2":{"type":"branch","line":37,"loc":{"start":{"line":37,"column":37},"end":{"line":66,"column":5}},"locations":[{"start":{"line":37,"column":37},"end":{"line":66,"column":5}}]},"3":{"type":"branch","line":38,"loc":{"start":{"line":38,"column":74},"end":{"line":45,"column":9}},"locations":[{"start":{"line":38,"column":74},"end":{"line":45,"column":9}}]},"4":{"type":"branch","line":47,"loc":{"start":{"line":47,"column":69},"end":{"line":65,"column":9}},"locations":[{"start":{"line":47,"column":69},"end":{"line":65,"column":9}}]},"5":{"type":"branch","line":68,"loc":{"start":{"line":68,"column":38},"end":{"line":147,"column":5}},"locations":[{"start":{"line":68,"column":38},"end":{"line":147,"column":5}}]},"6":{"type":"branch","line":69,"loc":{"start":{"line":69,"column":53},"end":{"line":87,"column":9}},"locations":[{"start":{"line":69,"column":53},"end":{"line":87,"column":9}}]},"7":{"type":"branch","line":89,"loc":{"start":{"line":89,"column":47},"end":{"line":108,"column":9}},"locations":[{"start":{"line":89,"column":47},"end":{"line":108,"column":9}}]},"8":{"type":"branch","line":110,"loc":{"start":{"line":110,"column":74},"end":{"line":134,"column":9}},"locations":[{"start":{"line":110,"column":74},"end":{"line":134,"column":9}}]},"9":{"type":"branch","line":136,"loc":{"start":{"line":136,"column":52},"end":{"line":146,"column":9}},"locations":[{"start":{"line":136,"column":52},"end":{"line":146,"column":9}}]},"10":{"type":"branch","line":149,"loc":{"start":{"line":149,"column":27},"end":{"line":206,"column":5}},"locations":[{"start":{"line":149,"column":27},"end":{"line":206,"column":5}}]},"11":{"type":"branch","line":150,"loc":{"start":{"line":150,"column":50},"end":{"line":172,"column":9}},"locations":[{"start":{"line":150,"column":50},"end":{"line":172,"column":9}}]},"12":{"type":"branch","line":174,"loc":{"start":{"line":174,"column":66},"end":{"line":181,"column":9}},"locations":[{"start":{"line":174,"column":66},"end":{"line":181,"column":9}}]},"13":{"type":"branch","line":183,"loc":{"start":{"line":183,"column":58},"end":{"line":205,"column":9}},"locations":[{"start":{"line":183,"column":58},"end":{"line":205,"column":9}}]},"14":{"type":"branch","line":208,"loc":{"start":{"line":208,"column":25},"end":{"line":323,"column":5}},"locations":[{"start":{"line":208,"column":25},"end":{"line":323,"column":5}}]},"15":{"type":"branch","line":209,"loc":{"start":{"line":209,"column":57},"end":{"line":232,"column":9}},"locations":[{"start":{"line":209,"column":57},"end":{"line":232,"column":9}}]},"16":{"type":"branch","line":234,"loc":{"start":{"line":234,"column":48},"end":{"line":263,"column":9}},"locations":[{"start":{"line":234,"column":48},"end":{"line":263,"column":9}}]},"17":{"type":"branch","line":265,"loc":{"start":{"line":265,"column":54},"end":{"line":290,"column":9}},"locations":[{"start":{"line":265,"column":54},"end":{"line":290,"column":9}}]},"18":{"type":"branch","line":292,"loc":{"start":{"line":292,"column":51},"end":{"line":322,"column":9}},"locations":[{"start":{"line":292,"column":51},"end":{"line":322,"column":9}}]},"19":{"type":"branch","line":325,"loc":{"start":{"line":325,"column":24},"end":{"line":359,"column":5}},"locations":[{"start":{"line":325,"column":24},"end":{"line":359,"column":5}}]},"20":{"type":"branch","line":326,"loc":{"start":{"line":326,"column":54},"end":{"line":343,"column":9}},"locations":[{"start":{"line":326,"column":54},"end":{"line":343,"column":9}}]},"21":{"type":"branch","line":345,"loc":{"start":{"line":345,"column":55},"end":{"line":358,"column":9}},"locations":[{"start":{"line":345,"column":55},"end":{"line":358,"column":9}}]},"22":{"type":"branch","line":361,"loc":{"start":{"line":361,"column":27},"end":{"line":399,"column":5}},"locations":[{"start":{"line":361,"column":27},"end":{"line":399,"column":5}}]},"23":{"type":"branch","line":362,"loc":{"start":{"line":362,"column":50},"end":{"line":382,"column":9}},"locations":[{"start":{"line":362,"column":50},"end":{"line":382,"column":9}}]},"24":{"type":"branch","line":384,"loc":{"start":{"line":384,"column":55},"end":{"line":398,"column":9}},"locations":[{"start":{"line":384,"column":55},"end":{"line":398,"column":9}}]},"25":{"type":"branch","line":401,"loc":{"start":{"line":401,"column":27},"end":{"line":461,"column":5}},"locations":[{"start":{"line":401,"column":27},"end":{"line":461,"column":5}}]},"26":{"type":"branch","line":402,"loc":{"start":{"line":402,"column":65},"end":{"line":422,"column":9}},"locations":[{"start":{"line":402,"column":65},"end":{"line":422,"column":9}}]},"27":{"type":"branch","line":424,"loc":{"start":{"line":424,"column":65},"end":{"line":444,"column":9}},"locations":[{"start":{"line":424,"column":65},"end":{"line":444,"column":9}}]},"28":{"type":"branch","line":446,"loc":{"start":{"line":446,"column":55},"end":{"line":460,"column":9}},"locations":[{"start":{"line":446,"column":55},"end":{"line":460,"column":9}}]},"29":{"type":"branch","line":463,"loc":{"start":{"line":463,"column":27},"end":{"line":500,"column":5}},"locations":[{"start":{"line":463,"column":27},"end":{"line":500,"column":5}}]},"30":{"type":"branch","line":464,"loc":{"start":{"line":464,"column":50},"end":{"line":483,"column":9}},"locations":[{"start":{"line":464,"column":50},"end":{"line":483,"column":9}}]},"31":{"type":"branch","line":485,"loc":{"start":{"line":485,"column":55},"end":{"line":499,"column":9}},"locations":[{"start":{"line":485,"column":55},"end":{"line":499,"column":9}}]}},"b":{"0":[1],"1":[22],"2":[1],"3":[1],"4":[1],"5":[1],"6":[1],"7":[1],"8":[1],"9":[1],"10":[1],"11":[1],"12":[1],"13":[1],"14":[1],"15":[1],"16":[1],"17":[1],"18":[1],"19":[1],"20":[1],"21":[1],"22":[1],"23":[1],"24":[1],"25":[1],"26":[1],"27":[1],"28":[1],"29":[1],"30":[1],"31":[1]},"fnMap":{},"f":{}}
,"/Users/carloslagunamedina/Downloads/proj/personal/proyectoTodo/nextjs-starter/backend/tasks/tasks.ts": {"path":"/Users/carloslagunamedina/Downloads/proj/personal/proyectoTodo/nextjs-starter/backend/tasks/tasks.ts","all":false,"statementMap":{"0":{"start":{"line":1,"column":0},"end":{"line":1,"column":56}},"8":{"start":{"line":9,"column":0},"end":{"line":9,"column":34}},"11":{"start":{"line":12,"column":0},"end":{"line":12,"column":30}},"12":{"start":{"line":13,"column":0},"end":{"line":13,"column":3}},"13":{"start":{"line":14,"column":0},"end":{"line":14,"column":17}},"14":{"start":{"line":15,"column":0},"end":{"line":15,"column":19}},"15":{"start":{"line":16,"column":0},"end":{"line":16,"column":23}},"16":{"start":{"line":17,"column":0},"end":{"line":17,"column":15}},"17":{"start":{"line":18,"column":0},"end":{"line":18,"column":4}},"18":{"start":{"line":19,"column":0},"end":{"line":19,"column":106}},"19":{"start":{"line":20,"column":0},"end":{"line":20,"column":60}},"20":{"start":{"line":21,"column":0},"end":{"line":21,"column":31}},"22":{"start":{"line":23,"column":0},"end":{"line":23,"column":35}},"23":{"start":{"line":24,"column":0},"end":{"line":24,"column":12}},"24":{"start":{"line":25,"column":0},"end":{"line":25,"column":27}},"25":{"start":{"line":26,"column":0},"end":{"line":26,"column":15}},"26":{"start":{"line":27,"column":0},"end":{"line":27,"column":7}},"28":{"start":{"line":29,"column":0},"end":{"line":29,"column":16}},"29":{"start":{"line":30,"column":0},"end":{"line":30,"column":69}},"30":{"start":{"line":31,"column":0},"end":{"line":31,"column":5}},"32":{"start":{"line":33,"column":0},"end":{"line":33,"column":48}},"33":{"start":{"line":34,"column":0},"end":{"line":34,"column":26}},"34":{"start":{"line":35,"column":0},"end":{"line":35,"column":15}},"35":{"start":{"line":36,"column":0},"end":{"line":36,"column":16}},"36":{"start":{"line":37,"column":0},"end":{"line":37,"column":22}},"37":{"start":{"line":38,"column":0},"end":{"line":38,"column":20}},"38":{"start":{"line":39,"column":0},"end":{"line":39,"column":30}},"39":{"start":{"line":40,"column":0},"end":{"line":40,"column":10}},"40":{"start":{"line":41,"column":0},"end":{"line":41,"column":8}},"41":{"start":{"line":42,"column":0},"end":{"line":42,"column":6}},"43":{"start":{"line":44,"column":0},"end":{"line":44,"column":63}},"45":{"start":{"line":46,"column":0},"end":{"line":46,"column":26}},"46":{"start":{"line":47,"column":0},"end":{"line":47,"column":4}},"47":{"start":{"line":48,"column":0},"end":{"line":48,"column":2}},"50":{"start":{"line":51,"column":0},"end":{"line":51,"column":28}},"51":{"start":{"line":52,"column":0},"end":{"line":52,"column":3}},"52":{"start":{"line":53,"column":0},"end":{"line":53,"column":17}},"53":{"start":{"line":54,"column":0},"end":{"line":54,"column":18}},"54":{"start":{"line":55,"column":0},"end":{"line":55,"column":23}},"55":{"start":{"line":56,"column":0},"end":{"line":56,"column":15}},"56":{"start":{"line":57,"column":0},"end":{"line":57,"column":4}},"57":{"start":{"line":58,"column":0},"end":{"line":58,"column":112}},"58":{"start":{"line":59,"column":0},"end":{"line":59,"column":58}},"59":{"start":{"line":60,"column":0},"end":{"line":60,"column":31}},"60":{"start":{"line":61,"column":0},"end":{"line":61,"column":79}},"62":{"start":{"line":63,"column":0},"end":{"line":63,"column":16}},"63":{"start":{"line":64,"column":0},"end":{"line":64,"column":69}},"64":{"start":{"line":65,"column":0},"end":{"line":65,"column":5}},"67":{"start":{"line":68,"column":0},"end":{"line":68,"column":140}},"70":{"start":{"line":71,"column":0},"end":{"line":71,"column":23}},"71":{"start":{"line":72,"column":0},"end":{"line":72,"column":27}},"72":{"start":{"line":73,"column":0},"end":{"line":73,"column":30}},"73":{"start":{"line":74,"column":0},"end":{"line":74,"column":64}},"74":{"start":{"line":75,"column":0},"end":{"line":75,"column":8}},"75":{"start":{"line":76,"column":0},"end":{"line":76,"column":5}},"78":{"start":{"line":79,"column":0},"end":{"line":79,"column":28}},"79":{"start":{"line":80,"column":0},"end":{"line":80,"column":35}},"80":{"start":{"line":81,"column":0},"end":{"line":81,"column":38}},"81":{"start":{"line":82,"column":0},"end":{"line":82,"column":36}},"82":{"start":{"line":83,"column":0},"end":{"line":83,"column":5}},"86":{"start":{"line":87,"column":0},"end":{"line":87,"column":36}},"87":{"start":{"line":88,"column":0},"end":{"line":88,"column":23}},"90":{"start":{"line":91,"column":0},"end":{"line":91,"column":52}},"91":{"start":{"line":92,"column":0},"end":{"line":92,"column":25}},"92":{"start":{"line":93,"column":0},"end":{"line":93,"column":27}},"93":{"start":{"line":94,"column":0},"end":{"line":94,"column":8}},"94":{"start":{"line":95,"column":0},"end":{"line":95,"column":6}},"97":{"start":{"line":98,"column":0},"end":{"line":98,"column":47}},"98":{"start":{"line":99,"column":0},"end":{"line":99,"column":28}},"99":{"start":{"line":100,"column":0},"end":{"line":100,"column":27}},"100":{"start":{"line":101,"column":0},"end":{"line":101,"column":18}},"101":{"start":{"line":102,"column":0},"end":{"line":102,"column":53}},"102":{"start":{"line":103,"column":0},"end":{"line":103,"column":53}},"103":{"start":{"line":104,"column":0},"end":{"line":104,"column":10}},"104":{"start":{"line":105,"column":0},"end":{"line":105,"column":13}},"105":{"start":{"line":106,"column":0},"end":{"line":106,"column":13}},"106":{"start":{"line":107,"column":0},"end":{"line":107,"column":8}},"107":{"start":{"line":108,"column":0},"end":{"line":108,"column":6}},"110":{"start":{"line":111,"column":0},"end":{"line":111,"column":48}},"111":{"start":{"line":112,"column":0},"end":{"line":112,"column":38}},"112":{"start":{"line":113,"column":0},"end":{"line":113,"column":29}},"114":{"start":{"line":115,"column":0},"end":{"line":115,"column":46}},"115":{"start":{"line":116,"column":0},"end":{"line":116,"column":26}},"116":{"start":{"line":117,"column":0},"end":{"line":117,"column":12}},"117":{"start":{"line":118,"column":0},"end":{"line":118,"column":11}},"118":{"start":{"line":119,"column":0},"end":{"line":119,"column":12}},"119":{"start":{"line":120,"column":0},"end":{"line":120,"column":17}},"120":{"start":{"line":121,"column":0},"end":{"line":121,"column":11}},"121":{"start":{"line":122,"column":0},"end":{"line":122,"column":12}},"122":{"start":{"line":123,"column":0},"end":{"line":123,"column":7}},"124":{"start":{"line":125,"column":0},"end":{"line":125,"column":12}},"125":{"start":{"line":126,"column":0},"end":{"line":126,"column":18}},"126":{"start":{"line":127,"column":0},"end":{"line":127,"column":19}},"127":{"start":{"line":128,"column":0},"end":{"line":128,"column":13}},"128":{"start":{"line":129,"column":0},"end":{"line":129,"column":14}},"129":{"start":{"line":130,"column":0},"end":{"line":130,"column":14}},"130":{"start":{"line":131,"column":0},"end":{"line":131,"column":19}},"131":{"start":{"line":132,"column":0},"end":{"line":132,"column":16}},"132":{"start":{"line":133,"column":0},"end":{"line":133,"column":16}},"133":{"start":{"line":134,"column":0},"end":{"line":134,"column":7}},"134":{"start":{"line":135,"column":0},"end":{"line":135,"column":6}},"135":{"start":{"line":136,"column":0},"end":{"line":136,"column":4}},"136":{"start":{"line":137,"column":0},"end":{"line":137,"column":2}},"139":{"start":{"line":140,"column":0},"end":{"line":140,"column":27}},"140":{"start":{"line":141,"column":0},"end":{"line":141,"column":3}},"141":{"start":{"line":142,"column":0},"end":{"line":142,"column":17}},"142":{"start":{"line":143,"column":0},"end":{"line":143,"column":18}},"143":{"start":{"line":144,"column":0},"end":{"line":144,"column":27}},"144":{"start":{"line":145,"column":0},"end":{"line":145,"column":15}},"145":{"start":{"line":146,"column":0},"end":{"line":146,"column":4}},"146":{"start":{"line":147,"column":0},"end":{"line":147,"column":60}},"147":{"start":{"line":148,"column":0},"end":{"line":148,"column":26}},"148":{"start":{"line":149,"column":0},"end":{"line":149,"column":31}},"150":{"start":{"line":151,"column":0},"end":{"line":151,"column":74}},"152":{"start":{"line":153,"column":0},"end":{"line":153,"column":16}},"153":{"start":{"line":154,"column":0},"end":{"line":154,"column":69}},"154":{"start":{"line":155,"column":0},"end":{"line":155,"column":5}},"156":{"start":{"line":157,"column":0},"end":{"line":157,"column":45}},"157":{"start":{"line":158,"column":0},"end":{"line":158,"column":29}},"158":{"start":{"line":159,"column":0},"end":{"line":159,"column":68}},"159":{"start":{"line":160,"column":0},"end":{"line":160,"column":8}},"160":{"start":{"line":161,"column":0},"end":{"line":161,"column":6}},"162":{"start":{"line":163,"column":0},"end":{"line":163,"column":45}},"163":{"start":{"line":164,"column":0},"end":{"line":164,"column":17}},"164":{"start":{"line":165,"column":0},"end":{"line":165,"column":19}},"165":{"start":{"line":166,"column":0},"end":{"line":166,"column":7}},"167":{"start":{"line":168,"column":0},"end":{"line":168,"column":26}},"168":{"start":{"line":169,"column":0},"end":{"line":169,"column":4}},"169":{"start":{"line":170,"column":0},"end":{"line":170,"column":2}},"172":{"start":{"line":173,"column":0},"end":{"line":173,"column":30}},"173":{"start":{"line":174,"column":0},"end":{"line":174,"column":3}},"174":{"start":{"line":175,"column":0},"end":{"line":175,"column":17}},"175":{"start":{"line":176,"column":0},"end":{"line":176,"column":18}},"176":{"start":{"line":177,"column":0},"end":{"line":177,"column":27}},"177":{"start":{"line":178,"column":0},"end":{"line":178,"column":15}},"178":{"start":{"line":179,"column":0},"end":{"line":179,"column":4}},"179":{"start":{"line":180,"column":0},"end":{"line":180,"column":18}},"184":{"start":{"line":185,"column":0},"end":{"line":185,"column":32}},"185":{"start":{"line":186,"column":0},"end":{"line":186,"column":35}},"186":{"start":{"line":187,"column":0},"end":{"line":187,"column":31}},"188":{"start":{"line":189,"column":0},"end":{"line":189,"column":83}},"190":{"start":{"line":191,"column":0},"end":{"line":191,"column":16}},"191":{"start":{"line":192,"column":0},"end":{"line":192,"column":69}},"192":{"start":{"line":193,"column":0},"end":{"line":193,"column":5}},"195":{"start":{"line":196,"column":0},"end":{"line":196,"column":55}},"196":{"start":{"line":197,"column":0},"end":{"line":197,"column":29}},"197":{"start":{"line":198,"column":0},"end":{"line":198,"column":68}},"198":{"start":{"line":199,"column":0},"end":{"line":199,"column":8}},"199":{"start":{"line":200,"column":0},"end":{"line":200,"column":6}},"200":{"start":{"line":201,"column":0},"end":{"line":201,"column":16}},"201":{"start":{"line":202,"column":0},"end":{"line":202,"column":91}},"202":{"start":{"line":203,"column":0},"end":{"line":203,"column":28}},"203":{"start":{"line":204,"column":0},"end":{"line":204,"column":5}},"205":{"start":{"line":206,"column":0},"end":{"line":206,"column":55}},"206":{"start":{"line":207,"column":0},"end":{"line":207,"column":26}},"207":{"start":{"line":208,"column":0},"end":{"line":208,"column":47}},"208":{"start":{"line":209,"column":0},"end":{"line":209,"column":13}},"209":{"start":{"line":210,"column":0},"end":{"line":210,"column":8}},"210":{"start":{"line":211,"column":0},"end":{"line":211,"column":6}},"212":{"start":{"line":213,"column":0},"end":{"line":213,"column":58}},"214":{"start":{"line":215,"column":0},"end":{"line":215,"column":33}},"215":{"start":{"line":216,"column":0},"end":{"line":216,"column":4}},"216":{"start":{"line":217,"column":0},"end":{"line":217,"column":2}},"219":{"start":{"line":220,"column":0},"end":{"line":220,"column":30}},"220":{"start":{"line":221,"column":0},"end":{"line":221,"column":3}},"221":{"start":{"line":222,"column":0},"end":{"line":222,"column":17}},"222":{"start":{"line":223,"column":0},"end":{"line":223,"column":20}},"223":{"start":{"line":224,"column":0},"end":{"line":224,"column":38}},"224":{"start":{"line":225,"column":0},"end":{"line":225,"column":15}},"225":{"start":{"line":226,"column":0},"end":{"line":226,"column":4}},"226":{"start":{"line":227,"column":0},"end":{"line":227,"column":64}},"227":{"start":{"line":228,"column":0},"end":{"line":228,"column":30}},"228":{"start":{"line":229,"column":0},"end":{"line":229,"column":31}},"230":{"start":{"line":231,"column":0},"end":{"line":231,"column":75}},"232":{"start":{"line":233,"column":0},"end":{"line":233,"column":16}},"233":{"start":{"line":234,"column":0},"end":{"line":234,"column":69}},"234":{"start":{"line":235,"column":0},"end":{"line":235,"column":5}},"237":{"start":{"line":238,"column":0},"end":{"line":238,"column":55}},"238":{"start":{"line":239,"column":0},"end":{"line":239,"column":29}},"239":{"start":{"line":240,"column":0},"end":{"line":240,"column":72}},"240":{"start":{"line":241,"column":0},"end":{"line":241,"column":8}},"241":{"start":{"line":242,"column":0},"end":{"line":242,"column":6}},"242":{"start":{"line":243,"column":0},"end":{"line":243,"column":16}},"243":{"start":{"line":244,"column":0},"end":{"line":244,"column":87}},"244":{"start":{"line":245,"column":0},"end":{"line":245,"column":28}},"245":{"start":{"line":246,"column":0},"end":{"line":246,"column":5}},"248":{"start":{"line":249,"column":0},"end":{"line":249,"column":55}},"249":{"start":{"line":250,"column":0},"end":{"line":250,"column":26}},"250":{"start":{"line":251,"column":0},"end":{"line":251,"column":51}},"251":{"start":{"line":252,"column":0},"end":{"line":252,"column":45}},"252":{"start":{"line":253,"column":0},"end":{"line":253,"column":8}},"253":{"start":{"line":254,"column":0},"end":{"line":254,"column":6}},"255":{"start":{"line":256,"column":0},"end":{"line":256,"column":54}},"256":{"start":{"line":257,"column":0},"end":{"line":257,"column":13}},"257":{"start":{"line":258,"column":0},"end":{"line":258,"column":38}},"258":{"start":{"line":259,"column":0},"end":{"line":259,"column":7}},"260":{"start":{"line":261,"column":0},"end":{"line":261,"column":33}},"261":{"start":{"line":262,"column":0},"end":{"line":262,"column":4}},"262":{"start":{"line":263,"column":0},"end":{"line":263,"column":2}},"265":{"start":{"line":266,"column":0},"end":{"line":266,"column":30}},"266":{"start":{"line":267,"column":0},"end":{"line":267,"column":3}},"267":{"start":{"line":268,"column":0},"end":{"line":268,"column":17}},"268":{"start":{"line":269,"column":0},"end":{"line":269,"column":21}},"269":{"start":{"line":270,"column":0},"end":{"line":270,"column":27}},"270":{"start":{"line":271,"column":0},"end":{"line":271,"column":15}},"271":{"start":{"line":272,"column":0},"end":{"line":272,"column":4}},"272":{"start":{"line":273,"column":0},"end":{"line":273,"column":60}},"273":{"start":{"line":274,"column":0},"end":{"line":274,"column":26}},"274":{"start":{"line":275,"column":0},"end":{"line":275,"column":31}},"276":{"start":{"line":277,"column":0},"end":{"line":277,"column":68}},"278":{"start":{"line":279,"column":0},"end":{"line":279,"column":16}},"279":{"start":{"line":280,"column":0},"end":{"line":280,"column":69}},"280":{"start":{"line":281,"column":0},"end":{"line":281,"column":5}},"283":{"start":{"line":284,"column":0},"end":{"line":284,"column":55}},"284":{"start":{"line":285,"column":0},"end":{"line":285,"column":29}},"285":{"start":{"line":286,"column":0},"end":{"line":286,"column":68}},"286":{"start":{"line":287,"column":0},"end":{"line":287,"column":8}},"287":{"start":{"line":288,"column":0},"end":{"line":288,"column":6}},"288":{"start":{"line":289,"column":0},"end":{"line":289,"column":16}},"289":{"start":{"line":290,"column":0},"end":{"line":290,"column":91}},"290":{"start":{"line":291,"column":0},"end":{"line":291,"column":28}},"291":{"start":{"line":292,"column":0},"end":{"line":292,"column":5}},"293":{"start":{"line":294,"column":0},"end":{"line":294,"column":55}},"294":{"start":{"line":295,"column":0},"end":{"line":295,"column":26}},"295":{"start":{"line":296,"column":0},"end":{"line":296,"column":47}},"296":{"start":{"line":297,"column":0},"end":{"line":297,"column":8}},"297":{"start":{"line":298,"column":0},"end":{"line":298,"column":6}},"299":{"start":{"line":300,"column":0},"end":{"line":300,"column":58}},"301":{"start":{"line":302,"column":0},"end":{"line":302,"column":33}},"302":{"start":{"line":303,"column":0},"end":{"line":303,"column":4}},"303":{"start":{"line":304,"column":0},"end":{"line":304,"column":2}}},"s":{"0":1,"8":1,"11":1,"12":1,"13":1,"14":1,"15":1,"16":1,"17":1,"18":1,"19":9,"20":9,"22":9,"23":9,"24":9,"25":9,"26":9,"28":9,"29":2,"30":2,"32":7,"33":7,"34":7,"35":7,"36":7,"37":7,"38":7,"39":7,"40":7,"41":7,"43":7,"45":7,"46":9,"47":1,"50":1,"51":1,"52":1,"53":1,"54":1,"55":1,"56":1,"57":1,"58":4,"59":4,"60":4,"62":4,"63":0,"64":0,"67":4,"70":4,"71":1,"72":1,"73":1,"74":1,"75":1,"78":4,"79":1,"80":4,"81":0,"82":0,"86":4,"87":4,"90":4,"91":4,"92":4,"93":4,"94":4,"97":4,"98":4,"99":4,"100":4,"101":4,"102":4,"103":4,"104":4,"105":4,"106":4,"107":4,"110":4,"111":4,"112":4,"114":4,"115":4,"116":4,"117":4,"118":4,"119":4,"120":4,"121":4,"122":4,"124":4,"125":4,"126":4,"127":4,"128":4,"129":4,"130":4,"131":4,"132":4,"133":4,"134":4,"135":4,"136":1,"139":1,"140":1,"141":1,"142":1,"143":1,"144":1,"145":1,"146":1,"147":2,"148":2,"150":2,"152":2,"153":0,"154":0,"156":2,"157":2,"158":2,"159":2,"160":2,"162":2,"163":2,"164":2,"165":2,"167":2,"168":2,"169":1,"172":1,"173":1,"174":1,"175":1,"176":1,"177":1,"178":1,"179":1,"184":2,"185":2,"186":2,"188":2,"190":2,"191":0,"192":0,"195":2,"196":2,"197":2,"198":2,"199":2,"200":2,"201":1,"202":1,"203":1,"205":1,"206":1,"207":1,"208":1,"209":1,"210":1,"212":1,"214":1,"215":2,"216":1,"219":1,"220":1,"221":1,"222":1,"223":1,"224":1,"225":1,"226":1,"227":3,"228":3,"230":3,"232":3,"233":0,"234":0,"237":3,"238":3,"239":3,"240":3,"241":3,"242":3,"243":1,"244":1,"245":1,"248":2,"249":2,"250":2,"251":2,"252":2,"253":2,"255":2,"256":2,"257":2,"258":2,"260":2,"261":3,"262":1,"265":1,"266":1,"267":1,"268":1,"269":1,"270":1,"271":1,"272":1,"273":2,"274":2,"276":2,"278":2,"279":0,"280":0,"283":2,"284":2,"285":2,"286":2,"287":2,"288":2,"289":1,"290":1,"291":1,"293":1,"294":1,"295":1,"296":1,"297":1,"299":1,"301":1,"302":2,"303":1},"branchMap":{"0":{"type":"branch","line":19,"loc":{"start":{"line":19,"column":2},"end":{"line":47,"column":4}},"locations":[{"start":{"line":19,"column":2},"end":{"line":47,"column":4}}]},"1":{"type":"branch","line":25,"loc":{"start":{"line":25,"column":14},"end":{"line":25,"column":27}},"locations":[{"start":{"line":25,"column":14},"end":{"line":25,"column":27}}]},"2":{"type":"branch","line":29,"loc":{"start":{"line":29,"column":15},"end":{"line":31,"column":5}},"locations":[{"start":{"line":29,"column":15},"end":{"line":31,"column":5}}]},"3":{"type":"branch","line":31,"loc":{"start":{"line":31,"column":4},"end":{"line":46,"column":26}},"locations":[{"start":{"line":31,"column":4},"end":{"line":46,"column":26}}]},"4":{"type":"branch","line":33,"loc":{"start":{"line":33,"column":43},"end":{"line":41,"column":8}},"locations":[{"start":{"line":33,"column":43},"end":{"line":41,"column":8}}]},"5":{"type":"branch","line":58,"loc":{"start":{"line":58,"column":2},"end":{"line":136,"column":4}},"locations":[{"start":{"line":58,"column":2},"end":{"line":136,"column":4}}]},"6":{"type":"branch","line":63,"loc":{"start":{"line":63,"column":15},"end":{"line":65,"column":5}},"locations":[{"start":{"line":63,"column":15},"end":{"line":65,"column":5}}]},"7":{"type":"branch","line":71,"loc":{"start":{"line":71,"column":8},"end":{"line":71,"column":19}},"locations":[{"start":{"line":71,"column":8},"end":{"line":71,"column":19}}]},"8":{"type":"branch","line":71,"loc":{"start":{"line":71,"column":22},"end":{"line":76,"column":5}},"locations":[{"start":{"line":71,"column":22},"end":{"line":76,"column":5}}]},"9":{"type":"branch","line":79,"loc":{"start":{"line":79,"column":27},"end":{"line":81,"column":15}},"locations":[{"start":{"line":79,"column":27},"end":{"line":81,"column":15}}]},"10":{"type":"branch","line":81,"loc":{"start":{"line":81,"column":4},"end":{"line":83,"column":5}},"locations":[{"start":{"line":81,"column":4},"end":{"line":83,"column":5}}]},"11":{"type":"branch","line":81,"loc":{"start":{"line":81,"column":37},"end":{"line":83,"column":5}},"locations":[{"start":{"line":81,"column":37},"end":{"line":83,"column":5}}]},"12":{"type":"branch","line":91,"loc":{"start":{"line":91,"column":47},"end":{"line":94,"column":8}},"locations":[{"start":{"line":91,"column":47},"end":{"line":94,"column":8}}]},"13":{"type":"branch","line":98,"loc":{"start":{"line":98,"column":42},"end":{"line":107,"column":8}},"locations":[{"start":{"line":98,"column":42},"end":{"line":107,"column":8}}]},"14":{"type":"branch","line":147,"loc":{"start":{"line":147,"column":2},"end":{"line":169,"column":4}},"locations":[{"start":{"line":147,"column":2},"end":{"line":169,"column":4}}]},"15":{"type":"branch","line":153,"loc":{"start":{"line":153,"column":15},"end":{"line":155,"column":5}},"locations":[{"start":{"line":153,"column":15},"end":{"line":155,"column":5}}]},"16":{"type":"branch","line":157,"loc":{"start":{"line":157,"column":40},"end":{"line":160,"column":8}},"locations":[{"start":{"line":157,"column":40},"end":{"line":160,"column":8}}]},"17":{"type":"branch","line":180,"loc":{"start":{"line":180,"column":2},"end":{"line":216,"column":4}},"locations":[{"start":{"line":180,"column":2},"end":{"line":216,"column":4}}]},"18":{"type":"branch","line":191,"loc":{"start":{"line":191,"column":15},"end":{"line":193,"column":5}},"locations":[{"start":{"line":191,"column":15},"end":{"line":193,"column":5}}]},"19":{"type":"branch","line":201,"loc":{"start":{"line":201,"column":15},"end":{"line":215,"column":33}},"locations":[{"start":{"line":201,"column":15},"end":{"line":215,"column":33}}]},"20":{"type":"branch","line":196,"loc":{"start":{"line":196,"column":50},"end":{"line":199,"column":8}},"locations":[{"start":{"line":196,"column":50},"end":{"line":199,"column":8}}]},"21":{"type":"branch","line":206,"loc":{"start":{"line":206,"column":50},"end":{"line":210,"column":8}},"locations":[{"start":{"line":206,"column":50},"end":{"line":210,"column":8}}]},"22":{"type":"branch","line":227,"loc":{"start":{"line":227,"column":2},"end":{"line":262,"column":4}},"locations":[{"start":{"line":227,"column":2},"end":{"line":262,"column":4}}]},"23":{"type":"branch","line":233,"loc":{"start":{"line":233,"column":15},"end":{"line":235,"column":5}},"locations":[{"start":{"line":233,"column":15},"end":{"line":235,"column":5}}]},"24":{"type":"branch","line":243,"loc":{"start":{"line":243,"column":15},"end":{"line":246,"column":5}},"locations":[{"start":{"line":243,"column":15},"end":{"line":246,"column":5}}]},"25":{"type":"branch","line":246,"loc":{"start":{"line":246,"column":4},"end":{"line":261,"column":33}},"locations":[{"start":{"line":246,"column":4},"end":{"line":261,"column":33}}]},"26":{"type":"branch","line":238,"loc":{"start":{"line":238,"column":50},"end":{"line":241,"column":8}},"locations":[{"start":{"line":238,"column":50},"end":{"line":241,"column":8}}]},"27":{"type":"branch","line":249,"loc":{"start":{"line":249,"column":50},"end":{"line":253,"column":8}},"locations":[{"start":{"line":249,"column":50},"end":{"line":253,"column":8}}]},"28":{"type":"branch","line":273,"loc":{"start":{"line":273,"column":2},"end":{"line":303,"column":4}},"locations":[{"start":{"line":273,"column":2},"end":{"line":303,"column":4}}]},"29":{"type":"branch","line":279,"loc":{"start":{"line":279,"column":15},"end":{"line":281,"column":5}},"locations":[{"start":{"line":279,"column":15},"end":{"line":281,"column":5}}]},"30":{"type":"branch","line":289,"loc":{"start":{"line":289,"column":15},"end":{"line":302,"column":33}},"locations":[{"start":{"line":289,"column":15},"end":{"line":302,"column":33}}]},"31":{"type":"branch","line":284,"loc":{"start":{"line":284,"column":50},"end":{"line":287,"column":8}},"locations":[{"start":{"line":284,"column":50},"end":{"line":287,"column":8}}]},"32":{"type":"branch","line":294,"loc":{"start":{"line":294,"column":50},"end":{"line":297,"column":8}},"locations":[{"start":{"line":294,"column":50},"end":{"line":297,"column":8}}]}},"b":{"0":[9],"1":[7],"2":[2],"3":[7],"4":[7],"5":[4],"6":[0],"7":[1],"8":[1],"9":[1],"10":[3],"11":[0],"12":[4],"13":[4],"14":[2],"15":[0],"16":[2],"17":[2],"18":[0],"19":[1],"20":[2],"21":[1],"22":[3],"23":[0],"24":[1],"25":[2],"26":[3],"27":[2],"28":[2],"29":[0],"30":[1],"31":[2],"32":[1]},"fnMap":{},"f":{}}
}
